May 29, 2015 5:09:36 PM org.apache.maven.archetypes.VSM_API_Framework.Common assignData
INFO: start assignData()
May 29, 2015 5:09:36 PM org.apache.maven.archetypes.VSM_API_Framework.Common assignData
INFO: end assignData()
May 29, 2015 5:09:37 PM org.apache.maven.archetypes.VSM_API_Framework.Test_SectionAPIsTest TC01_VerifyLogin
INFO: Test Execution Started- TC01_VerifyLogin
May 29, 2015 5:09:37 PM org.apache.maven.archetypes.VSM_API_Framework.Common inputJson
INFO: start inputJson function
May 29, 2015 5:09:37 PM org.apache.maven.archetypes.VSM_API_Framework.Common inputJson
INFO: end inputJson function
May 29, 2015 5:09:39 PM org.apache.maven.archetypes.VSM_API_Framework.Common fnCompaireJsonResponse
INFO: Start fnCompaireJsonResponse function
May 29, 2015 5:09:40 PM org.apache.maven.archetypes.VSM_API_Framework.Common formatJson
INFO: Start formatJson function
May 29, 2015 5:09:40 PM org.apache.maven.archetypes.VSM_API_Framework.Common formatJson
INFO: End formatJson function
May 29, 2015 5:09:40 PM org.apache.maven.archetypes.VSM_API_Framework.Common fnCompaireJsonResponse
INFO: Formated Actual Response:- 

May 29, 2015 5:09:40 PM org.apache.maven.archetypes.VSM_API_Framework.Common fnCompaireJsonResponse
INFO: {
"code": 200,
"data": {
"sessionId": "t46e84adb-8a8a-4e46-aa52-0a25fe3395ed",
"studentUse": true,
"user": {
"districtId": 1,
"firstName": "AShish",
"id": 48,
"lastName": "K",
"readingLevel": "Lexile",
"role": "teacher",
"schools": [
{
"id": 1,
"name": "Jones School",
"sso": false
}
],
"sisId": 0,
"sourcceId": "0",
"sourceType": null,
"studentUse": false,
"title": "Mr.",
"userId": 48,
"userName": "ashish.khatri@synechron.com"
}
},
"errors": [],
"message": "Login successful",
"metaData": null
}
May 29, 2015 5:09:40 PM org.apache.maven.archetypes.VSM_API_Framework.Common checkData
INFO: Start checkData function
May 29, 2015 5:09:40 PM org.apache.maven.archetypes.VSM_API_Framework.Common checkData
INFO: End checkData function
May 29, 2015 5:09:40 PM org.apache.maven.archetypes.VSM_API_Framework.Common fnCompaireJsonResponse
INFO: End fnCompaireJsonResponse function
May 29, 2015 5:09:40 PM org.apache.maven.archetypes.VSM_API_Framework.Test_SectionAPIsTest TC01_VerifyLogin
INFO: Test Execution End- TC01_VerifyLogin
May 29, 2015 5:09:40 PM org.apache.maven.archetypes.VSM_API_Framework.Test_SectionAPIsTest TC02_PostSections
INFO: Test Execution Started- TC02_PostSections
May 29, 2015 5:09:40 PM org.apache.maven.archetypes.VSM_API_Framework.Common inputJson
INFO: start inputJson function
May 29, 2015 5:09:40 PM org.apache.maven.archetypes.VSM_API_Framework.Common inputJson
INFO: end inputJson function
May 29, 2015 5:09:41 PM org.apache.maven.archetypes.VSM_API_Framework.Common fnCompaireJsonResponse
INFO: Start fnCompaireJsonResponse function
May 29, 2015 5:09:41 PM org.apache.maven.archetypes.VSM_API_Framework.Common fnCompaireJsonResponse
INFO: null
May 29, 2015 5:09:41 PM org.apache.maven.archetypes.VSM_API_Framework.Test_SectionAPIsTest TC02_PostSections
INFO: Test Execution End- TC01_VerifyLogin
May 29, 2015 5:09:41 PM org.apache.maven.archetypes.VSM_API_Framework.Test_SectionAPIsTest TC03_TeacherLogout
INFO: Test Execution Started- TC03_TeacherLogout
May 29, 2015 5:09:42 PM org.apache.maven.archetypes.VSM_API_Framework.Common fnCompaireJsonResponse
INFO: Start fnCompaireJsonResponse function
May 29, 2015 5:09:42 PM org.apache.maven.archetypes.VSM_API_Framework.Common formatJson
INFO: Start formatJson function
May 29, 2015 5:09:42 PM org.apache.maven.archetypes.VSM_API_Framework.Common formatJson
INFO: End formatJson function
May 29, 2015 5:09:42 PM org.apache.maven.archetypes.VSM_API_Framework.Common fnCompaireJsonResponse
INFO: Formated Actual Response:- 

May 29, 2015 5:09:42 PM org.apache.maven.archetypes.VSM_API_Framework.Common fnCompaireJsonResponse
INFO: {
"code": 200,
"data": null,
"errors": [],
"message": "Logout successful",
"metaData": null
}
May 29, 2015 5:09:42 PM org.apache.maven.archetypes.VSM_API_Framework.Common fnCompaireJsonResponse
INFO: End fnCompaireJsonResponse function
May 29, 2015 5:09:42 PM org.apache.maven.archetypes.VSM_API_Framework.Test_SectionAPIsTest TC03_TeacherLogout
INFO: Test Execution End- TC03_TeacherLogout
May 29, 2015 5:09:42 PM org.apache.maven.archetypes.VSM_API_Framework.Common fnDisplayReasult
INFO: start fnDisplayReasult()
May 29, 2015 5:09:42 PM org.apache.maven.archetypes.VSM_API_Framework.Common fnDisplayReasult
INFO: end fnDisplayReasult()
